2016.03.14 23:03:33.184 GMT INFO: *** SYSTEM START ***
2016.03.14 23:03:33.991 GMT WARNING: [Local Folder Repository] The specified file must be a directory. (C:\Users\User\Desktop\workspace\OwlViz\plugins\edu.stanford.smi.protegex.owl) -- LocalFolderRepository.update()
2016.03.14 23:03:34.022 GMT INFO: Loading triples -- ProtegeOWLParser.loadTriples()
2016.03.14 23:03:34.177 GMT INFO: Start processing ontology: http://dummy-ontologies.com/dummy.owl Time: Mon Mar 14 23:03:34 GMT 2016 -- ProtegeOWLParser.loadTriples()
2016.03.14 23:03:34.945 GMT INFO: [ProtegeOWLParser] Importing http://gaius.isri.cmu.edu/2011/8/policy-base.owl -- DefaultProtegeOWLParserLogger.logImport()
2016.03.14 23:03:35.132 GMT INFO: [ProtegeOWLParser] Completed triple loading after 956 ms -- ProtegeOWLParser.loadTriples()
2016.03.14 23:03:35.157 GMT INFO: [TripleChangePostProcessor] Completed lists after 0 ms -- TripleChangePostProcessor.log()
2016.03.14 23:03:35.164 GMT INFO: [TripleChangePostProcessor] Completed anonymous classes after 6 ms -- TripleChangePostProcessor.log()
2016.03.14 23:03:35.166 GMT INFO: [TripleChangePostProcessor] Completed deprecated classes after 2 ms -- TripleChangePostProcessor.log()
2016.03.14 23:03:35.172 GMT INFO: [TripleChangePostProcessor] Completed properties after 5 ms -- TripleChangePostProcessor.log()
2016.03.14 23:03:35.180 GMT INFO: [TripleChangePostProcessor] Completed named classes after 6 ms -- TripleChangePostProcessor.log()
2016.03.14 23:03:35.182 GMT INFO: ... Loading completed after 1006 ms -- ProtegeOWLParser.loadTriples()
2016.03.15 11:57:24.845 GMT INFO: *** SYSTEM START ***
2016.03.15 11:57:27.889 GMT WARNING: [Local Folder Repository] The specified file must be a directory. (C:\Users\User\Desktop\workspace\OwlViz\plugins\edu.stanford.smi.protegex.owl) -- LocalFolderRepository.update()
2016.03.15 11:57:27.988 GMT INFO: Loading triples -- ProtegeOWLParser.loadTriples()
2016.03.15 11:57:28.395 GMT INFO: Start processing ontology: http://dummy-ontologies.com/dummy.owl Time: Tue Mar 15 11:57:28 GMT 2016 -- ProtegeOWLParser.loadTriples()
2016.03.15 11:57:30.606 GMT INFO: [ProtegeOWLParser] Importing http://gaius.isri.cmu.edu/2011/8/policy-base.owl -- DefaultProtegeOWLParserLogger.logImport()
2016.03.15 11:57:30.785 GMT INFO: [ProtegeOWLParser] Completed triple loading after 2414 ms -- ProtegeOWLParser.loadTriples()
2016.03.15 11:57:30.849 GMT INFO: [TripleChangePostProcessor] Completed lists after 0 ms -- TripleChangePostProcessor.log()
2016.03.15 11:57:30.859 GMT INFO: [TripleChangePostProcessor] Completed anonymous classes after 9 ms -- TripleChangePostProcessor.log()
2016.03.15 11:57:30.861 GMT INFO: [TripleChangePostProcessor] Completed deprecated classes after 2 ms -- TripleChangePostProcessor.log()
2016.03.15 11:57:30.869 GMT INFO: [TripleChangePostProcessor] Completed properties after 7 ms -- TripleChangePostProcessor.log()
2016.03.15 11:57:30.879 GMT INFO: [TripleChangePostProcessor] Completed named classes after 9 ms -- TripleChangePostProcessor.log()
2016.03.15 11:57:30.882 GMT INFO: ... Loading completed after 2509 ms -- ProtegeOWLParser.loadTriples()
